C:\PROJECT\UNMAN\SOFTWARE\ADAPTER\FANUC\DEBUG\ADAPTER.OBJ
C:\Project\UNMan\Software\adapter\fanuc\Debug\cl.command.1.tlog
C:\Project\UNMan\Software\adapter\fanuc\Debug\CL.read.1.tlog
C:\Project\UNMan\Software\adapter\fanuc\Debug\CL.write.1.tlog
C:\PROJECT\UNMAN\SOFTWARE\ADAPTER\FANUC\DEBUG\CLIENT.OBJ
C:\PROJECT\UNMAN\SOFTWARE\ADAPTER\FANUC\DEBUG\CONDITION.OBJ
C:\PROJECT\UNMAN\SOFTWARE\ADAPTER\FANUC\DEBUG\DEVICE_DATUM.OBJ
C:\PROJECT\UNMAN\SOFTWARE\ADAPTER\FANUC\DEBUG\FANUC.EXE
C:\PROJECT\UNMAN\SOFTWARE\ADAPTER\FANUC\DEBUG\FANUC.ILK
C:\PROJECT\UNMAN\SOFTWARE\ADAPTER\FANUC\DEBUG\FANUC.PDB
C:\Project\UNMan\Software\adapter\fanuc\Debug\fanuc.vcxprojResolveAssemblyReference.cache
C:\Project\UNMan\Software\adapter\fanuc\Debug\fanuc.write.1.tlog
C:\PROJECT\UNMAN\SOFTWARE\ADAPTER\FANUC\DEBUG\FANUC_ADAPTER.OBJ
C:\PROJECT\UNMAN\SOFTWARE\ADAPTER\FANUC\DEBUG\FANUC_AXIS.OBJ
C:\PROJECT\UNMAN\SOFTWARE\ADAPTER\FANUC\DEBUG\FANUC_PATH.OBJ
C:\PROJECT\UNMAN\SOFTWARE\ADAPTER\FANUC\DEBUG\FANUCADAPTER.OBJ
C:\Project\UNMan\Software\adapter\fanuc\Debug\link.command.1.tlog
C:\Project\UNMan\Software\adapter\fanuc\Debug\link.read.1.tlog
C:\Project\UNMan\Software\adapter\fanuc\Debug\link.write.1.tlog
C:\PROJECT\UNMAN\SOFTWARE\ADAPTER\FANUC\DEBUG\LOGGER.OBJ
C:\PROJECT\UNMAN\SOFTWARE\ADAPTER\FANUC\DEBUG\MININI.OBJ
C:\PROJECT\UNMAN\SOFTWARE\ADAPTER\FANUC\DEBUG\SERVER.OBJ
C:\PROJECT\UNMAN\SOFTWARE\ADAPTER\FANUC\DEBUG\SERVICE.OBJ
C:\PROJECT\UNMAN\SOFTWARE\ADAPTER\FANUC\DEBUG\STRING_ARRAY.OBJ
C:\PROJECT\UNMAN\SOFTWARE\ADAPTER\FANUC\DEBUG\STRING_BUFFER.OBJ
C:\Project\UNMan\Software\adapter\fanuc\Debug\vc100.idb
C:\PROJECT\UNMAN\SOFTWARE\ADAPTER\FANUC\DEBUG\VC100.PDB
