C:\PROJECT\UNMAN\SOFTWARE\ADAPTER\FANUC\RELEASE30I\ADAPTER.OBJ
C:\Project\UNMan\Software\adapter\fanuc\Release30i\cl.command.1.tlog
C:\Project\UNMan\Software\adapter\fanuc\Release30i\CL.read.1.tlog
C:\Project\UNMan\Software\adapter\fanuc\Release30i\CL.write.1.tlog
C:\PROJECT\UNMAN\SOFTWARE\ADAPTER\FANUC\RELEASE30I\CLIENT.OBJ
C:\PROJECT\UNMAN\SOFTWARE\ADAPTER\FANUC\RELEASE30I\CONDITION.OBJ
C:\PROJECT\UNMAN\SOFTWARE\ADAPTER\FANUC\RELEASE30I\DEVICE_DATUM.OBJ
C:\Project\UNMan\Software\adapter\fanuc\Release30i\fanuc.exe
C:\PROJECT\UNMAN\SOFTWARE\ADAPTER\FANUC\RELEASE30I\FANUC.EXE.INTERMEDIATE.MANIFEST
C:\PROJECT\UNMAN\SOFTWARE\ADAPTER\FANUC\RELEASE30I\FANUC.PDB
C:\Project\UNMan\Software\adapter\fanuc\Release30i\fanuc.vcxprojResolveAssemblyReference.cache
C:\Project\UNMan\Software\adapter\fanuc\Release30i\fanuc.write.1.tlog
C:\PROJECT\UNMAN\SOFTWARE\ADAPTER\FANUC\RELEASE30I\FANUC_30I.EXE
C:\PROJECT\UNMAN\SOFTWARE\ADAPTER\FANUC\RELEASE30I\FANUC_ADAPTER.OBJ
C:\PROJECT\UNMAN\SOFTWARE\ADAPTER\FANUC\RELEASE30I\FANUC_AXIS.OBJ
C:\PROJECT\UNMAN\SOFTWARE\ADAPTER\FANUC\RELEASE30I\FANUC_PATH.OBJ
C:\PROJECT\UNMAN\SOFTWARE\ADAPTER\FANUC\RELEASE30I\FANUCADAPTER.OBJ
C:\Project\UNMan\Software\adapter\fanuc\Release30i\link.command.1.tlog
C:\Project\UNMan\Software\adapter\fanuc\Release30i\link.read.1.tlog
C:\Project\UNMan\Software\adapter\fanuc\Release30i\link.write.1.tlog
C:\PROJECT\UNMAN\SOFTWARE\ADAPTER\FANUC\RELEASE30I\LOGGER.OBJ
C:\PROJECT\UNMAN\SOFTWARE\ADAPTER\FANUC\RELEASE30I\MININI.OBJ
C:\Project\UNMan\Software\adapter\fanuc\Release30i\mt.command.1.tlog
C:\Project\UNMan\Software\adapter\fanuc\Release30i\mt.read.1.tlog
C:\Project\UNMan\Software\adapter\fanuc\Release30i\mt.write.1.tlog
C:\PROJECT\UNMAN\SOFTWARE\ADAPTER\FANUC\RELEASE30I\SERVER.OBJ
C:\PROJECT\UNMAN\SOFTWARE\ADAPTER\FANUC\RELEASE30I\SERVICE.OBJ
C:\PROJECT\UNMAN\SOFTWARE\ADAPTER\FANUC\RELEASE30I\STRING_ARRAY.OBJ
C:\PROJECT\UNMAN\SOFTWARE\ADAPTER\FANUC\RELEASE30I\STRING_BUFFER.OBJ
C:\PROJECT\UNMAN\SOFTWARE\ADAPTER\FANUC\RELEASE30I\VC100.PDB
